<?xml version="1.0" encoding="UTF-8"?>
<!-- Generated by org.testng.reporters.JUnitReportReporter -->
<testsuite hostname="OdySol-DTP-027" name="Implementation.HeldConfirmAndTicketedTest" tests="1" failures="0" timestamp="3 Feb 2017 09:29:52 GMT" time="1.552" errors="1">
  <testcase name="Heldlogin_data" time="1.552" classname="Implementation.HeldConfirmAndTicketedTest">
    <error type="org.testng.TestNGException" message="
The data provider is trying to pass 23 parameters but the method Implementation.HeldConfirmAndTicketedTest#Heldlogin_data takes 20">
      <![CDATA[org.testng.TestNGException: 
The data provider is trying to pass 23 parameters but the method Implementation.HeldConfirmAndTicketedTest#Heldlogin_data takes 20
	at org.testng.internal.Invoker.injectParameters(Invoker.java:1232)
	at org.testng.internal.Invoker.invokeTestMethods(Invoker.java:1125)
	at org.testng.internal.TestMethodWorker.invokeTestMethods(TestMethodWorker.java:125)
	at org.testng.internal.TestMethodWorker.run(TestMethodWorker.java:108)
	at org.testng.TestRunner.privateRun(TestRunner.java:773)
	at org.testng.TestRunner.run(TestRunner.java:623)
	at org.testng.SuiteRunner.runTest(SuiteRunner.java:357)
	at org.testng.SuiteRunner.runSequentially(SuiteRunner.java:352)
	at org.testng.SuiteRunner.privateRun(SuiteRunner.java:310)
	at org.testng.SuiteRunner.run(SuiteRunner.java:259)
	at org.testng.SuiteRunnerWorker.runSuite(SuiteRunnerWorker.java:52)
	at org.testng.SuiteRunnerWorker.run(SuiteRunnerWorker.java:86)
	at org.testng.TestNG.runSuitesSequentially(TestNG.java:1185)
	at org.testng.TestNG.runSuitesLocally(TestNG.java:1110)
	at org.testng.TestNG.run(TestNG.java:1018)
	at org.testng.remote.AbstractRemoteTestNG.run(AbstractRemoteTestNG.java:126)
	at org.testng.remote.RemoteTestNG.initAndRun(RemoteTestNG.java:152)
	at org.testng.remote.RemoteTestNG.main(RemoteTestNG.java:57)
]]>
    </error>
  </testcase> <!-- Heldlogin_data -->
</testsuite> <!-- Implementation.HeldConfirmAndTicketedTest -->
