<!DOCTYPE html PUBLIC "-//W3C//DTD XHTML 1.1//EN" "http://www.w3.org/TR/xhtml11/DTD/xhtml11.dtd">
<html xmlns="http://www.w3.org/1999/xhtml"><head><title>TestNG Report</title><style type="text/css">table {margin-bottom:10px;border-collapse:collapse;empty-cells:show}th,td {border:1px solid #009;padding:.25em .5em}th {vertical-align:bottom}td {vertical-align:top}table a {font-weight:bold}.stripe td {background-color: #E6EBF9}.num {text-align:right}.passedodd td {background-color: #3F3}.passedeven td {background-color: #0A0}.skippedodd td {background-color: #DDD}.skippedeven td {background-color: #CCC}.failedodd td,.attn {background-color: #F33}.failedeven td,.stripe .attn {background-color: #D00}.stacktrace {white-space:pre;font-family:monospace}.totop {font-size:85%;text-align:center;border-bottom:2px solid #000}</style></head><body><table><tr><th>Test</th><th># Passed</th><th># Skipped</th><th># Failed</th><th>Time (ms)</th><th>Included Groups</th><th>Excluded Groups</th></tr><tr><th colspan="7">Suite</th></tr><tr><td><a href="#t0">ChromeTest</a></td><td class="num">0</td><td class="num">0</td><td class="num attn">1</td><td class="num">137,711</td><td></td><td></td></tr></table><table><thead><tr><th>Class</th><th>Method</th><th>Start</th><th>Time (ms)</th></tr></thead><tbody><tr><th colspan="4">Suite</th></tr></tbody><tbody id="t0"><tr><th colspan="4">ChromeTest &#8212; failed</th></tr><tr class="failedeven"><td rowspan="1">Implementation.FaredepotTest</td><td><a href="#m0">Faredepot_data</a></td><td rowspan="1">1494942037033</td><td rowspan="1">93252</td></tr></tbody></table><h2>ChromeTest</h2><h3 id="m0">Implementation.FaredepotTest#Faredepot_data</h3><table class="result"><tr class="param"><th>Parameter #1</th><th>Parameter #2</th><th>Parameter #3</th><th>Parameter #4</th><th>Parameter #5</th><th>Parameter #6</th><th>Parameter #7</th><th>Parameter #8</th><th>Parameter #9</th><th>Parameter #10</th><th>Parameter #11</th><th>Parameter #12</th><th>Parameter #13</th><th>Parameter #14</th><th>Parameter #15</th></tr><tr class="param stripe"><td>nyc</td><td>singa</td><td>Monish</td><td>N</td><td>Luthra</td><td>Anna</td><td>M</td><td>Luthra</td><td>Arya</td><td>M</td><td>Luthra</td><td>ajit_nakum@odysseussolutions.com</td><td>ajit_nakum@odysseussolutions.com</td><td>8952634785</td><td>8754879865</td></tr><tr><th colspan="15">Messages</th></tr><tr><td colspan="15"><div class="messages">Website Name :- Faredepot</div></td></tr><tr><th colspan="15">Exception</th></tr><tr><td colspan="15"><div class="stacktrace">net.sf.cglib.core.CodeGenerationException: org.openqa.selenium.WebDriverException--&gt;unknown error: cannot parse capability: chromeOptions
from unknown error: must be a dictionary
  (Driver info: chromedriver=2.29.461591 (62ebf098771772160f391d75e589dc567915b233),platform=Windows NT 6.1.7601 SP1 x86_64) (WARNING: The server did not provide any stacktrace information)
Command duration or timeout: 40 milliseconds
Build info: version: &apos;2.37.1&apos;, revision: &apos;a7c61cbd68657e133ae96672cf995890bad2ee42&apos;, time: &apos;2013-10-21 09:08:07&apos;
System info: host: &apos;OdySol-DTP-027&apos;, ip: &apos;192.168.1.138&apos;, os.name: &apos;Windows 7&apos;, os.arch: &apos;amd64&apos;, os.version: &apos;6.1&apos;, java.version: &apos;1.8.0_101&apos;
Driver info: org.openqa.selenium.chrome.ChromeDriver
Capabilities [{applicationCacheEnabled=false, rotatable=false, mobileEmulationEnabled=false, networkConnectionEnabled=false, chrome={chromedriverVersion=2.29.461591 (62ebf098771772160f391d75e589dc567915b233), userDataDir=C:\Users\AJITNA~1\AppData\Local\Temp\scoped_dir28048_6554}, takesHeapSnapshot=true, pageLoadStrategy=normal, databaseEnabled=false, handlesAlerts=true, hasTouchScreen=false, version=58.0.3029.96, platform=XP, browserConnectionEnabled=false, nativeEvents=true, acceptSslCerts=true, locationContextEnabled=true, webStorageEnabled=true, browserName=chrome, takesScreenshot=true, javascriptEnabled=true, cssSelectorsEnabled=true, unexpectedAlertBehaviour=}]
Session ID: 362106569299e08e7ba56916ff616567
	at net.sf.cglib.core.ReflectUtils.newInstance(ReflectUtils.java:235)
	at net.sf.cglib.core.ReflectUtils.newInstance(ReflectUtils.java:220)
	at net.sf.cglib.core.ReflectUtils.newInstance(ReflectUtils.java:216)
	at net.sf.cglib.proxy.Enhancer.createUsingReflection(Enhancer.java:640)
	at net.sf.cglib.proxy.Enhancer.firstInstance(Enhancer.java:538)
	at net.sf.cglib.core.AbstractClassGenerator.create(AbstractClassGenerator.java:225)
	at net.sf.cglib.proxy.Enhancer.createHelper(Enhancer.java:377)
	at net.sf.cglib.proxy.Enhancer.create(Enhancer.java:285)
	at org.openqa.selenium.remote.Augmenter.create(Augmenter.java:237)
	at org.openqa.selenium.remote.Augmenter.augment(Augmenter.java:130)
	at ru.yandex.qatools.ashot.screentaker.ShootingStrategy$1.getScreenshot(ShootingStrategy.java:25)
	at ru.yandex.qatools.ashot.screentaker.HeadCuttingShootingStrategy.getScreenshot(HeadCuttingShootingStrategy.java:21)
	at ru.yandex.qatools.ashot.screentaker.VerticalPastingShootingStrategy.getScreenshot(VerticalPastingShootingStrategy.java:46)
	at ru.yandex.qatools.ashot.screentaker.ScreenTaker.take(ScreenTaker.java:23)
	at ru.yandex.qatools.ashot.AShot.takeScreenshot(AShot.java:166)
	at Implementation.FaredepotTest.Faredepot_data(FaredepotTest.java:207)
Caused by: org.openqa.selenium.WebDriverException: unknown error: cannot parse capability: chromeOptions
from unknown error: must be a dictionary
  (Driver info: chromedriver=2.29.461591 (62ebf098771772160f391d75e589dc567915b233),platform=Windows NT 6.1.7601 SP1 x86_64) (WARNING: The server did not provide any stacktrace information)
Command duration or timeout: 40 milliseconds
Build info: version: &apos;2.37.1&apos;, revision: &apos;a7c61cbd68657e133ae96672cf995890bad2ee42&apos;, time: &apos;2013-10-21 09:08:07&apos;
System info: host: &apos;OdySol-DTP-027&apos;, ip: &apos;192.168.1.138&apos;, os.name: &apos;Windows 7&apos;, os.arch: &apos;amd64&apos;, os.version: &apos;6.1&apos;, java.version: &apos;1.8.0_101&apos;
Driver info: org.openqa.selenium.chrome.ChromeDriver
Capabilities [{applicationCacheEnabled=false, rotatable=false, mobileEmulationEnabled=false, networkConnectionEnabled=false, chrome={chromedriverVersion=2.29.461591 (62ebf098771772160f391d75e589dc567915b233), userDataDir=C:\Users\AJITNA~1\AppData\Local\Temp\scoped_dir28048_6554}, takesHeapSnapshot=true, pageLoadStrategy=normal, databaseEnabled=false, handlesAlerts=true, hasTouchScreen=false, version=58.0.3029.96, platform=XP, browserConnectionEnabled=false, nativeEvents=true, acceptSslCerts=true, locationContextEnabled=true, webStorageEnabled=true, browserName=chrome, takesScreenshot=true, javascriptEnabled=true, cssSelectorsEnabled=true, unexpectedAlertBehaviour=}]
Session ID: 362106569299e08e7ba56916ff616567
	at org.openqa.selenium.remote.ErrorHandler.createThrowable(ErrorHandler.java:193)
	at org.openqa.selenium.remote.ErrorHandler.throwIfResponseFailed(ErrorHandler.java:145)
	at org.openqa.selenium.remote.RemoteWebDriver.execute(RemoteWebDriver.java:554)
	at org.openqa.selenium.remote.RemoteWebDriver.startSession(RemoteWebDriver.java:216)
	at org.openqa.selenium.remote.Augmenter$CompoundHandler.intercept(Augmenter.java:280)
	at org.openqa.selenium.chrome.ChromeDriver$$EnhancerByCGLIB$$5182d02.startSession(&lt;generated&gt;)
	at org.openqa.selenium.remote.RemoteWebDriver.&lt;init&gt;(RemoteWebDriver.java:111)
	at org.openqa.selenium.remote.RemoteWebDriver.&lt;init&gt;(RemoteWebDriver.java:115)
	at org.openqa.selenium.chrome.ChromeDriver.&lt;init&gt;(ChromeDriver.java:171)
	at org.openqa.selenium.chrome.ChromeDriver.&lt;init&gt;(ChromeDriver.java:160)
	at org.openqa.selenium.chrome.ChromeDriver.&lt;init&gt;(ChromeDriver.java:117)
	at org.openqa.selenium.chrome.ChromeDriver$$EnhancerByCGLIB$$5182d02.&lt;init&gt;(&lt;generated&gt;)
	at net.sf.cglib.core.ReflectUtils.newInstance(ReflectUtils.java:228)
	... 48 more
... Removed 45 stack frames</div></td></tr></table><p class="totop"><a href="#summary">back to summary</a></p></body></html>