<?xml version="1.0" encoding="UTF-8"?>
<!-- Generated by org.testng.reporters.JUnitXMLReporter -->
<testsuite hostname="OdySol-DTP-027" name="Default test" tests="2" failures="0" timestamp="23 Jan 2017 09:57:55 GMT" time="0.03" errors="0">
  <testcase name="@BeforeTest openBroswer" time="0.0" classname="Implementation.DatadrivenTest">
    <failure type="org.testng.TestNGException" message="
Parameter &amp;apos;browser&amp;apos; is required by @Configuration on method openBroswer but has not been marked @Optional or defined
in C:\Users\Ajit Nakum\AppData\Local\Temp\testng-eclipse--934640553\testng-customsuite.xml">
      <![CDATA[org.testng.TestNGException: 
Parameter 'browser' is required by @Configuration on method openBroswer but has not been marked @Optional or defined
in C:\Users\Ajit Nakum\AppData\Local\Temp\testng-eclipse--934640553\testng-customsuite.xml
	at org.testng.internal.Parameters.createParameters(Parameters.java:154)
	at org.testng.internal.Parameters.createParameters(Parameters.java:361)
	at org.testng.internal.Parameters.createConfigurationParameters(Parameters.java:84)
	at org.testng.internal.Invoker.invokeConfigurations(Invoker.java:197)
	at org.testng.internal.Invoker.invokeConfigurations(Invoker.java:138)
	at org.testng.TestRunner.beforeRun(TestRunner.java:647)
	at org.testng.TestRunner.run(TestRunner.java:615)
	at org.testng.SuiteRunner.runTest(SuiteRunner.java:357)
	at org.testng.SuiteRunner.runSequentially(SuiteRunner.java:352)
	at org.testng.SuiteRunner.privateRun(SuiteRunner.java:310)
	at org.testng.SuiteRunner.run(SuiteRunner.java:259)
	at org.testng.SuiteRunnerWorker.runSuite(SuiteRunnerWorker.java:52)
	at org.testng.SuiteRunnerWorker.run(SuiteRunnerWorker.java:86)
	at org.testng.TestNG.runSuitesSequentially(TestNG.java:1185)
	at org.testng.TestNG.runSuitesLocally(TestNG.java:1110)
	at org.testng.TestNG.run(TestNG.java:1018)
	at org.testng.remote.AbstractRemoteTestNG.run(AbstractRemoteTestNG.java:126)
	at org.testng.remote.RemoteTestNG.initAndRun(RemoteTestNG.java:152)
	at org.testng.remote.RemoteTestNG.main(RemoteTestNG.java:57)
]]>
    </failure>
  </testcase> <!-- @BeforeTest openBroswer -->
  <testcase name="@AfterClass closeBrowser" time="0.0" classname="Implementation.DatadrivenTest">
    <skipped/>
  </testcase> <!-- @AfterClass closeBrowser -->
  <testcase name="Authentication" time="0.005" classname="Implementation.DatadrivenTest">
    <skipped/>
  </testcase> <!-- Authentication -->
  <testcase name="Pagenavigation" time="0.001" classname="Implementation.DatadrivenTest">
    <skipped/>
  </testcase> <!-- Pagenavigation -->
</testsuite> <!-- Default test -->
