<?xml version="1.0" encoding="UTF-8"?>
<testng-results skipped="0" failed="1" total="1" passed="0">
  <reporter-output>
    <line>
      <![CDATA[Website Name:- Ajit]]>
    </line>
    <line>
      <![CDATA[Affiliate Name:- Alanita-spc]]>
    </line>
    <line>
      <![CDATA[API :- Sabre]]>
    </line>
    <line>
      <![CDATA[Environment :- Test]]>
    </line>
    <line>
      <![CDATA[Office Id :- I4GB]]>
    </line>
    <line>
      <![CDATA[Time out..]]>
    </line>
  </reporter-output>
  <suite name="Suite" duration-ms="289296" started-at="2017-06-19T14:22:58Z" finished-at="2017-06-19T14:27:47Z">
    <groups>
    </groups>
    <test name="ChromeTest" duration-ms="289296" started-at="2017-06-19T14:22:58Z" finished-at="2017-06-19T14:27:47Z">
      <class name="Implementation.LocalAlanitaConfirmTest">
        <test-method status="PASS" signature="openBroswer(java.lang.String)[pri:0, instance:Implementation.LocalAlanitaConfirmTest@74ad1f1f]" name="openBroswer" is-config="true" duration-ms="2545" started-at="2017-06-19T19:52:58Z" finished-at="2017-06-19T19:53:00Z">
          <params>
            <param index="0">
              <value>
                <![CDATA[chrome]]>
              </value>
            </param>
          </params>
          <reporter-output>
          </reporter-output>
        </test-method> <!-- openBroswer -->
        <test-method status="PASS" signature="baseClass()[pri:0, instance:Implementation.LocalAlanitaConfirmTest@74ad1f1f]" name="baseClass" is-config="true" duration-ms="31769" started-at="2017-06-19T19:53:00Z" finished-at="2017-06-19T19:53:32Z">
          <reporter-output>
          </reporter-output>
        </test-method> <!-- baseClass -->
        <test-method status="FAIL" signature="Confirmlogin_data(java.lang.String, java.lang.String, java.lang.String, java.lang.String, java.lang.String, java.lang.String, java.lang.String, java.lang.String, java.lang.String, java.lang.String, java.lang.String, java.lang.String, java.lang.String, java.lang.String, java.lang.String, java.lang.String, java.lang.String, java.lang.String, java.lang.String, java.lang.String, java.lang.String, java.lang.String, java.lang.String)[pri:0, instance:Implementation.LocalAlanitaConfirmTest@74ad1f1f]" name="Confirmlogin_data" duration-ms="254454" started-at="2017-06-19T19:53:33Z" data-provider="Authentication" finished-at="2017-06-19T19:57:47Z">
          <params>
            <param index="0">
              <value>
                <![CDATA[ajithn@odysol.com]]>
              </value>
            </param>
            <param index="1">
              <value>
                <![CDATA[odysseus]]>
              </value>
            </param>
            <param index="2">
              <value>
                <![CDATA[nyc]]>
              </value>
            </param>
            <param index="3">
              <value>
                <![CDATA[bost]]>
              </value>
            </param>
            <param index="4">
              <value>
                <![CDATA[Ajit]]>
              </value>
            </param>
            <param index="5">
              <value>
                <![CDATA[B]]>
              </value>
            </param>
            <param index="6">
              <value>
                <![CDATA[Nakum]]>
              </value>
            </param>
            <param index="7">
              <value>
                <![CDATA[Aakash]]>
              </value>
            </param>
            <param index="8">
              <value>
                <![CDATA[M]]>
              </value>
            </param>
            <param index="9">
              <value>
                <![CDATA[Paliwal]]>
              </value>
            </param>
            <param index="10">
              <value>
                <![CDATA[Eric]]>
              </value>
            </param>
            <param index="11">
              <value>
                <![CDATA[C]]>
              </value>
            </param>
            <param index="12">
              <value>
                <![CDATA[Methews]]>
              </value>
            </param>
            <param index="13">
              <value>
                <![CDATA[ajit_nakum@odysseussolutions.com]]>
              </value>
            </param>
            <param index="14">
              <value>
                <![CDATA[8952634785]]>
              </value>
            </param>
            <param index="15">
              <value>
                <![CDATA[Ajit Nakum]]>
              </value>
            </param>
            <param index="16">
              <value>
                <![CDATA[4111111111111111]]>
              </value>
            </param>
            <param index="17">
              <value>
                <![CDATA[123]]>
              </value>
            </param>
            <param index="18">
              <value>
                <![CDATA[305 White House]]>
              </value>
            </param>
            <param index="19">
              <value>
                <![CDATA[New York]]>
              </value>
            </param>
            <param index="20">
              <value>
                <![CDATA[10245]]>
              </value>
            </param>
            <param index="21">
              <value>
                <![CDATA[8952634785]]>
              </value>
            </param>
            <param index="22">
              <value>
                <![CDATA[State Bank Of India]]>
              </value>
            </param>
          </params>
          <exception class="java.lang.AssertionError">
            <message>
              <![CDATA[Time out...]]>
            </message>
            <full-stacktrace>
              <![CDATA[java.lang.AssertionError: Time out...
	at org.testng.AssertJUnit.fail(AssertJUnit.java:59)
	at org.testng.AssertJUnit.assertTrue(AssertJUnit.java:24)
	at Implementation.LocalAlanitaConfirmTest.Confirmlogin_data(LocalAlanitaConfirmTest.java:387)
	at sun.reflect.NativeMethodAccessorImpl.invoke0(Native Method)
	at sun.reflect.NativeMethodAccessorImpl.invoke(NativeMethodAccessorImpl.java:62)
	at sun.reflect.DelegatingMethodAccessorImpl.invoke(DelegatingMethodAccessorImpl.java:43)
	at java.lang.reflect.Method.invoke(Method.java:498)
	at org.testng.internal.MethodInvocationHelper.invokeMethod(MethodInvocationHelper.java:85)
	at org.testng.internal.Invoker.invokeMethod(Invoker.java:639)
	at org.testng.internal.Invoker.invokeTestMethod(Invoker.java:821)
	at org.testng.internal.Invoker.invokeTestMethods(Invoker.java:1131)
	at org.testng.internal.TestMethodWorker.invokeTestMethods(TestMethodWorker.java:125)
	at org.testng.internal.TestMethodWorker.run(TestMethodWorker.java:108)
	at org.testng.TestRunner.privateRun(TestRunner.java:773)
	at org.testng.TestRunner.run(TestRunner.java:623)
	at org.testng.SuiteRunner.runTest(SuiteRunner.java:357)
	at org.testng.SuiteRunner.runSequentially(SuiteRunner.java:352)
	at org.testng.SuiteRunner.privateRun(SuiteRunner.java:310)
	at org.testng.SuiteRunner.run(SuiteRunner.java:259)
	at org.testng.SuiteRunnerWorker.runSuite(SuiteRunnerWorker.java:52)
	at org.testng.SuiteRunnerWorker.run(SuiteRunnerWorker.java:86)
	at org.testng.TestNG.runSuitesSequentially(TestNG.java:1185)
	at org.testng.TestNG.runSuitesLocally(TestNG.java:1110)
	at org.testng.TestNG.run(TestNG.java:1018)
	at org.testng.remote.AbstractRemoteTestNG.run(AbstractRemoteTestNG.java:132)
	at org.testng.remote.RemoteTestNG.initAndRun(RemoteTestNG.java:230)
	at org.testng.remote.RemoteTestNG.main(RemoteTestNG.java:76)
]]>
            </full-stacktrace>
          </exception> <!-- java.lang.AssertionError -->
          <reporter-output>
            <line>
              <![CDATA[Website Name:- Ajit]]>
            </line>
            <line>
              <![CDATA[Affiliate Name:- Alanita-spc]]>
            </line>
            <line>
              <![CDATA[API :- Sabre]]>
            </line>
            <line>
              <![CDATA[Environment :- Test]]>
            </line>
            <line>
              <![CDATA[Office Id :- I4GB]]>
            </line>
            <line>
              <![CDATA[Time out..]]>
            </line>
          </reporter-output>
        </test-method> <!-- Confirmlogin_data -->
        <test-method status="PASS" signature="closeBrowser()[pri:0, instance:Implementation.LocalAlanitaConfirmTest@74ad1f1f]" name="closeBrowser" is-config="true" duration-ms="1" started-at="2017-06-19T19:57:47Z" finished-at="2017-06-19T19:57:47Z">
          <reporter-output>
          </reporter-output>
        </test-method> <!-- closeBrowser -->
      </class> <!-- Implementation.LocalAlanitaConfirmTest -->
    </test> <!-- ChromeTest -->
  </suite> <!-- Suite -->
</testng-results>
