<?xml version="1.0" encoding="utf-8" ?>
<!DOCTYPE html PUBLIC "-//W3C//DTD XHTML 1.0 Strict//EN"
        "http://www.w3.org/TR/xhtml1/DTD/xhtml1-strict.dtd">
<html xmlns="http://www.w3.org/1999/xhtml" xml:lang="" lang="">
<head>
  <title>Test Results Report - ChromeTest</title>
  <meta http-equiv="Content-Type" content="text/html;charset=utf-8" />
  <meta name="description" content="TestNG unit test results." />
  <link href="reportng.css" rel="stylesheet" type="text/css" />
    <script type="text/javascript" src="reportng.js"></script>
</head>
<body>
<h1>ChromeTest</h1>
<p>
  Test duration: 0.000s
</p>

  <table class="resultsTable configTable">
    <tr><th colspan="3" class="header failedConfig">Failed Configuration</th></tr>
              <tr class="group">
        <td colspan="3">Implementation.CDORTest</td>
      </tr>
            
<tr>
  <td class="method">
                  openBroswer
      </td>
  <td class="duration">
    0.000s
  </td>
  <td class="result">
        
          <i>Method arguments: </i><span class="arguments">"chrome"</span><br />
    
        

        <a href="javascript:toggleElement('exception-0', 'block')" title="Click to expand/collapse"><b>net.sf.cglib.core.CodeGenerationException: org.openqa.selenium.WebDriverException--&gt;unknown error: cannot parse capability: chromeOptions<br/>
from unknown error: must be a dictionary<br/>
&nbsp; (Driver info: chromedriver=2.29.461591 (62ebf098771772160f391d75e589dc567915b233),platform=Windows NT 6.1.7601 SP1 x86_64) (WARNING: The server did not provide any stacktrace information)<br/>
Command duration or timeout: 77 milliseconds<br/>
Build info: version: &apos;2.37.1&apos;, revision: &apos;a7c61cbd68657e133ae96672cf995890bad2ee42&apos;, time: &apos;2013-10-21 09:08:07&apos;<br/>
System info: host: &apos;OdySol-DTP-027&apos;, ip: &apos;192.168.1.138&apos;, os.name: &apos;Windows 7&apos;, os.arch: &apos;x86&apos;, os.version: &apos;6.1&apos;, java.version: &apos;1.8.0_121&apos;<br/>
Driver info: org.openqa.selenium.chrome.ChromeDriver<br/>
Capabilities [{applicationCacheEnabled=false, rotatable=false, mobileEmulationEnabled=false, networkConnectionEnabled=false, chrome={chromedriverVersion=2.29.461591 (62ebf098771772160f391d75e589dc567915b233), userDataDir=C:\Windows\TEMP\scoped_dir21228_9286}, takesHeapSnapshot=true, pageLoadStrategy=normal, databaseEnabled=false, handlesAlerts=true, hasTouchScreen=false, version=58.0.3029.81, platform=XP, browserConnectionEnabled=false, nativeEvents=true, acceptSslCerts=true, locationContextEnabled=true, webStorageEnabled=true, browserName=chrome, takesScreenshot=true, javascriptEnabled=true, cssSelectorsEnabled=true, unexpectedAlertBehaviour=}]<br/>
Session ID: 905eba1b06165455e2ae50407ed2f477</b></a><br />
    <div class="stackTrace" id="exception-0">
              net.sf.cglib.core.ReflectUtils.newInstance(ReflectUtils.java:235)<br />
              net.sf.cglib.core.ReflectUtils.newInstance(ReflectUtils.java:220)<br />
              net.sf.cglib.core.ReflectUtils.newInstance(ReflectUtils.java:216)<br />
              net.sf.cglib.proxy.Enhancer.createUsingReflection(Enhancer.java:640)<br />
              net.sf.cglib.proxy.Enhancer.firstInstance(Enhancer.java:538)<br />
              net.sf.cglib.core.AbstractClassGenerator.create(AbstractClassGenerator.java:225)<br />
              net.sf.cglib.proxy.Enhancer.createHelper(Enhancer.java:377)<br />
              net.sf.cglib.proxy.Enhancer.create(Enhancer.java:285)<br />
              org.openqa.selenium.remote.Augmenter.create(Augmenter.java:237)<br />
              org.openqa.selenium.remote.Augmenter.augment(Augmenter.java:130)<br />
              ru.yandex.qatools.ashot.screentaker.ShootingStrategy$1.getScreenshot(ShootingStrategy.java:25)<br />
              ru.yandex.qatools.ashot.screentaker.HeadCuttingShootingStrategy.getScreenshot(HeadCuttingShootingStrategy.java:21)<br />
              ru.yandex.qatools.ashot.screentaker.VerticalPastingShootingStrategy.getScreenshot(VerticalPastingShootingStrategy.java:46)<br />
              ru.yandex.qatools.ashot.screentaker.ScreenTaker.take(ScreenTaker.java:23)<br />
              ru.yandex.qatools.ashot.AShot.takeScreenshot(AShot.java:166)<br />
              Implementation.CDORTest.openBroswer(CDORTest.java:107)<br />
              sun.reflect.NativeMethodAccessorImpl.invoke0(Native Method)<br />
              sun.reflect.NativeMethodAccessorImpl.invoke(NativeMethodAccessorImpl.java:62)<br />
              sun.reflect.DelegatingMethodAccessorImpl.invoke(DelegatingMethodAccessorImpl.java:43)<br />
              java.lang.reflect.Method.invoke(Method.java:498)<br />
              org.testng.internal.MethodInvocationHelper.invokeMethod(MethodInvocationHelper.java:85)<br />
              org.testng.internal.Invoker.invokeConfigurationMethod(Invoker.java:510)<br />
              org.testng.internal.Invoker.invokeConfigurations(Invoker.java:211)<br />
              org.testng.internal.Invoker.invokeConfigurations(Invoker.java:138)<br />
              org.testng.TestRunner.beforeRun(TestRunner.java:647)<br />
              org.testng.TestRunner.run(TestRunner.java:615)<br />
              org.testng.SuiteRunner.runTest(SuiteRunner.java:357)<br />
              org.testng.SuiteRunner.runSequentially(SuiteRunner.java:352)<br />
              org.testng.SuiteRunner.privateRun(SuiteRunner.java:310)<br />
              org.testng.SuiteRunner.run(SuiteRunner.java:259)<br />
              org.testng.SuiteRunnerWorker.runSuite(SuiteRunnerWorker.java:52)<br />
              org.testng.SuiteRunnerWorker.run(SuiteRunnerWorker.java:86)<br />
              org.testng.TestNG.runSuitesSequentially(TestNG.java:1185)<br />
              org.testng.TestNG.runSuitesLocally(TestNG.java:1110)<br />
              org.testng.TestNG.run(TestNG.java:1018)<br />
              org.apache.maven.surefire.testng.TestNGExecutor.run(TestNGExecutor.java:177)<br />
              org.apache.maven.surefire.testng.TestNGXmlTestSuite.execute(TestNGXmlTestSuite.java:92)<br />
              org.apache.maven.surefire.testng.TestNGProvider.invoke(TestNGProvider.java:105)<br />
              sun.reflect.NativeMethodAccessorImpl.invoke0(Native Method)<br />
              sun.reflect.NativeMethodAccessorImpl.invoke(NativeMethodAccessorImpl.java:62)<br />
              sun.reflect.DelegatingMethodAccessorImpl.invoke(DelegatingMethodAccessorImpl.java:43)<br />
              java.lang.reflect.Method.invoke(Method.java:498)<br />
              org.apache.maven.surefire.util.ReflectionUtils.invokeMethodWithArray(ReflectionUtils.java:189)<br />
              org.apache.maven.surefire.booter.ProviderFactory$ProviderProxy.invoke(ProviderFactory.java:165)<br />
              org.apache.maven.surefire.booter.ProviderFactory.invokeProvider(ProviderFactory.java:85)<br />
              org.apache.maven.surefire.booter.ForkedBooter.runSuitesInProcess(ForkedBooter.java:103)<br />
              org.apache.maven.surefire.booter.ForkedBooter.main(ForkedBooter.java:74)<br />
                    <b>Caused by: </b> <a href="javascript:toggleElement('exception-1', 'block')" title="Click to expand/collapse">org.openqa.selenium.WebDriverException: unknown error: cannot parse capability: chromeOptions<br/>
from unknown error: must be a dictionary<br/>
&nbsp; (Driver info: chromedriver=2.29.461591 (62ebf098771772160f391d75e589dc567915b233),platform=Windows NT 6.1.7601 SP1 x86_64) (WARNING: The server did not provide any stacktrace information)<br/>
Command duration or timeout: 77 milliseconds<br/>
Build info: version: &apos;2.37.1&apos;, revision: &apos;a7c61cbd68657e133ae96672cf995890bad2ee42&apos;, time: &apos;2013-10-21 09:08:07&apos;<br/>
System info: host: &apos;OdySol-DTP-027&apos;, ip: &apos;192.168.1.138&apos;, os.name: &apos;Windows 7&apos;, os.arch: &apos;x86&apos;, os.version: &apos;6.1&apos;, java.version: &apos;1.8.0_121&apos;<br/>
Driver info: org.openqa.selenium.chrome.ChromeDriver<br/>
Capabilities [{applicationCacheEnabled=false, rotatable=false, mobileEmulationEnabled=false, networkConnectionEnabled=false, chrome={chromedriverVersion=2.29.461591 (62ebf098771772160f391d75e589dc567915b233), userDataDir=C:\Windows\TEMP\scoped_dir21228_9286}, takesHeapSnapshot=true, pageLoadStrategy=normal, databaseEnabled=false, handlesAlerts=true, hasTouchScreen=false, version=58.0.3029.81, platform=XP, browserConnectionEnabled=false, nativeEvents=true, acceptSslCerts=true, locationContextEnabled=true, webStorageEnabled=true, browserName=chrome, takesScreenshot=true, javascriptEnabled=true, cssSelectorsEnabled=true, unexpectedAlertBehaviour=}]<br/>
Session ID: 905eba1b06165455e2ae50407ed2f477</a><br />
        <div class="stackTrace" id="exception-1">
                      sun.reflect.NativeConstructorAccessorImpl.newInstance0(Native Method)<br />
                      sun.reflect.NativeConstructorAccessorImpl.newInstance(NativeConstructorAccessorImpl.java:62)<br />
                      sun.reflect.DelegatingConstructorAccessorImpl.newInstance(DelegatingConstructorAccessorImpl.java:45)<br />
                      java.lang.reflect.Constructor.newInstance(Constructor.java:423)<br />
                      org.openqa.selenium.remote.ErrorHandler.createThrowable(ErrorHandler.java:193)<br />
                      org.openqa.selenium.remote.ErrorHandler.throwIfResponseFailed(ErrorHandler.java:145)<br />
                      org.openqa.selenium.remote.RemoteWebDriver.execute(RemoteWebDriver.java:554)<br />
                      org.openqa.selenium.remote.RemoteWebDriver.startSession(RemoteWebDriver.java:216)<br />
                      sun.reflect.NativeMethodAccessorImpl.invoke0(Native Method)<br />
                      sun.reflect.NativeMethodAccessorImpl.invoke(NativeMethodAccessorImpl.java:62)<br />
                      sun.reflect.DelegatingMethodAccessorImpl.invoke(DelegatingMethodAccessorImpl.java:43)<br />
                      java.lang.reflect.Method.invoke(Method.java:498)<br />
                      org.openqa.selenium.remote.Augmenter$CompoundHandler.intercept(Augmenter.java:280)<br />
                      org.openqa.selenium.chrome.ChromeDriver$$EnhancerByCGLIB$$a995bcdf.startSession(&lt;generated&gt;)<br />
                      org.openqa.selenium.remote.RemoteWebDriver.&lt;init&gt;(RemoteWebDriver.java:111)<br />
                      org.openqa.selenium.remote.RemoteWebDriver.&lt;init&gt;(RemoteWebDriver.java:115)<br />
                      org.openqa.selenium.chrome.ChromeDriver.&lt;init&gt;(ChromeDriver.java:171)<br />
                      org.openqa.selenium.chrome.ChromeDriver.&lt;init&gt;(ChromeDriver.java:160)<br />
                      org.openqa.selenium.chrome.ChromeDriver.&lt;init&gt;(ChromeDriver.java:117)<br />
                      org.openqa.selenium.chrome.ChromeDriver$$EnhancerByCGLIB$$a995bcdf.&lt;init&gt;(&lt;generated&gt;)<br />
                      sun.reflect.NativeConstructorAccessorImpl.newInstance0(Native Method)<br />
                      sun.reflect.NativeConstructorAccessorImpl.newInstance(NativeConstructorAccessorImpl.java:62)<br />
                      sun.reflect.DelegatingConstructorAccessorImpl.newInstance(DelegatingConstructorAccessorImpl.java:45)<br />
                      java.lang.reflect.Constructor.newInstance(Constructor.java:423)<br />
                      net.sf.cglib.core.ReflectUtils.newInstance(ReflectUtils.java:228)<br />
                      net.sf.cglib.core.ReflectUtils.newInstance(ReflectUtils.java:220)<br />
                      net.sf.cglib.core.ReflectUtils.newInstance(ReflectUtils.java:216)<br />
                      net.sf.cglib.proxy.Enhancer.createUsingReflection(Enhancer.java:640)<br />
                      net.sf.cglib.proxy.Enhancer.firstInstance(Enhancer.java:538)<br />
                      net.sf.cglib.core.AbstractClassGenerator.create(AbstractClassGenerator.java:225)<br />
                      net.sf.cglib.proxy.Enhancer.createHelper(Enhancer.java:377)<br />
                      net.sf.cglib.proxy.Enhancer.create(Enhancer.java:285)<br />
                      org.openqa.selenium.remote.Augmenter.create(Augmenter.java:237)<br />
                      org.openqa.selenium.remote.Augmenter.augment(Augmenter.java:130)<br />
                      ru.yandex.qatools.ashot.screentaker.ShootingStrategy$1.getScreenshot(ShootingStrategy.java:25)<br />
                      ru.yandex.qatools.ashot.screentaker.HeadCuttingShootingStrategy.getScreenshot(HeadCuttingShootingStrategy.java:21)<br />
                      ru.yandex.qatools.ashot.screentaker.VerticalPastingShootingStrategy.getScreenshot(VerticalPastingShootingStrategy.java:46)<br />
                      ru.yandex.qatools.ashot.screentaker.ScreenTaker.take(ScreenTaker.java:23)<br />
                      ru.yandex.qatools.ashot.AShot.takeScreenshot(AShot.java:166)<br />
                      Implementation.CDORTest.openBroswer(CDORTest.java:107)<br />
                      sun.reflect.NativeMethodAccessorImpl.invoke0(Native Method)<br />
                      sun.reflect.NativeMethodAccessorImpl.invoke(NativeMethodAccessorImpl.java:62)<br />
                      sun.reflect.DelegatingMethodAccessorImpl.invoke(DelegatingMethodAccessorImpl.java:43)<br />
                      java.lang.reflect.Method.invoke(Method.java:498)<br />
                      org.testng.internal.MethodInvocationHelper.invokeMethod(MethodInvocationHelper.java:85)<br />
                      org.testng.internal.Invoker.invokeConfigurationMethod(Invoker.java:510)<br />
                      org.testng.internal.Invoker.invokeConfigurations(Invoker.java:211)<br />
                      org.testng.internal.Invoker.invokeConfigurations(Invoker.java:138)<br />
                      org.testng.TestRunner.beforeRun(TestRunner.java:647)<br />
                      org.testng.TestRunner.run(TestRunner.java:615)<br />
                      org.testng.SuiteRunner.runTest(SuiteRunner.java:357)<br />
                      org.testng.SuiteRunner.runSequentially(SuiteRunner.java:352)<br />
                      org.testng.SuiteRunner.privateRun(SuiteRunner.java:310)<br />
                      org.testng.SuiteRunner.run(SuiteRunner.java:259)<br />
                      org.testng.SuiteRunnerWorker.runSuite(SuiteRunnerWorker.java:52)<br />
                      org.testng.SuiteRunnerWorker.run(SuiteRunnerWorker.java:86)<br />
                      org.testng.TestNG.runSuitesSequentially(TestNG.java:1185)<br />
                      org.testng.TestNG.runSuitesLocally(TestNG.java:1110)<br />
                      org.testng.TestNG.run(TestNG.java:1018)<br />
                      org.apache.maven.surefire.testng.TestNGExecutor.run(TestNGExecutor.java:177)<br />
                      org.apache.maven.surefire.testng.TestNGXmlTestSuite.execute(TestNGXmlTestSuite.java:92)<br />
                      org.apache.maven.surefire.testng.TestNGProvider.invoke(TestNGProvider.java:105)<br />
                      sun.reflect.NativeMethodAccessorImpl.invoke0(Native Method)<br />
                      sun.reflect.NativeMethodAccessorImpl.invoke(NativeMethodAccessorImpl.java:62)<br />
                      sun.reflect.DelegatingMethodAccessorImpl.invoke(DelegatingMethodAccessorImpl.java:43)<br />
                      java.lang.reflect.Method.invoke(Method.java:498)<br />
                      org.apache.maven.surefire.util.ReflectionUtils.invokeMethodWithArray(ReflectionUtils.java:189)<br />
                      org.apache.maven.surefire.booter.ProviderFactory$ProviderProxy.invoke(ProviderFactory.java:165)<br />
                      org.apache.maven.surefire.booter.ProviderFactory.invokeProvider(ProviderFactory.java:85)<br />
                      org.apache.maven.surefire.booter.ForkedBooter.runSuitesInProcess(ForkedBooter.java:103)<br />
                      org.apache.maven.surefire.booter.ForkedBooter.main(ForkedBooter.java:74)<br />
                  </div>
          </div>
      </td>
</tr>
    
          <tr><td colspan="3">&nbsp;</td></tr>
      <tr><td colspan="3" class="header skippedConfig">Skipped Configuration</td></tr>
                    <tr>
          <td colspan="3" class="group">Implementation.CDORTest</td>
        </tr>
                
<tr>
  <td class="method">
                  closeBrowser
      </td>
  <td class="duration">
    0.000s
  </td>
  <td class="result">
                               
    
        

      </td>
</tr>
            </table>



  <table class="resultsTable" width="100%">
    <tr><th colspan="3" class="header skipped">Skipped Tests</th></tr>
          <tr>
        <td colspan="3" class="group">Implementation.CDORTest</td>
      </tr>
            
<tr>
  <td class="method">
                  CDOR_data
      </td>
  <td class="duration">
    0.000s
  </td>
  <td class="result">
                               
          <i>Method arguments: </i><span class="arguments">"Monish", "N", "Luthra", "ajit_nakum@odysseussolutions.com", "7847596325", "Anna", "M", "Luthra"</span><br />
    
        

      </td>
</tr>
      </table>

  
</body>
</html>
